modules/ringtones/android/build/intermediates/manifest_merge_blame_file/debug/manifest-merger-blame-debug-report.txt
1<?xml version="1.0" encoding="utf-8"?>
2<manifest xmlns:android="http://schemas.android.com/apk/res/android"
3    package="expo.modules.ringtones" >
4
5    <uses-sdk android:minSdkVersion="21" />
6    <!--
7    Needed only on Android 13+ and only to see ringtones the USER added to the
8    device. The built-in system sounds are readable without it, so the picker
9    degrades to the stock list rather than to an empty one if it is refused.
10    -->
11    <uses-permission android:name="android.permission.READ_MEDIA_AUDIO" />
11-->src/main/AndroidManifest.xml:7:3-73
11-->src/main/AndroidManifest.xml:7:20-70
12
13    <!-- Medicine alarms, rung by the phone (AlarmScheduler / AlarmReceiver). -->
14    <uses-permission android:name="android.permission.SCHEDULE_EXACT_ALARM" />
14-->src/main/AndroidManifest.xml:10:3-77
14-->src/main/AndroidManifest.xml:10:20-74
15    <uses-permission android:name="android.permission.USE_EXACT_ALARM" />
15-->src/main/AndroidManifest.xml:11:3-72
15-->src/main/AndroidManifest.xml:11:20-69
16    <uses-permission android:name="android.permission.USE_FULL_SCREEN_INTENT" />
16-->src/main/AndroidManifest.xml:12:3-79
16-->src/main/AndroidManifest.xml:12:20-76
17    <uses-permission android:name="android.permission.RECEIVE_BOOT_COMPLETED" />
17-->src/main/AndroidManifest.xml:13:3-79
17-->src/main/AndroidManifest.xml:13:20-76
18    <uses-permission android:name="android.permission.POST_NOTIFICATIONS" />
18-->src/main/AndroidManifest.xml:14:3-75
18-->src/main/AndroidManifest.xml:14:20-72
19    <uses-permission android:name="android.permission.VIBRATE" />
19-->src/main/AndroidManifest.xml:15:3-64
19-->src/main/AndroidManifest.xml:15:20-61
20    <uses-permission android:name="android.permission.WAKE_LOCK" />
20-->src/main/AndroidManifest.xml:16:3-66
20-->src/main/AndroidManifest.xml:16:20-63
21
22    <application>
22-->src/main/AndroidManifest.xml:18:3-32:17
23        <receiver
23-->src/main/AndroidManifest.xml:19:5-21:34
24            android:name="expo.modules.ringtones.AlarmReceiver"
24-->src/main/AndroidManifest.xml:20:7-58
25            android:exported="false" />
25-->src/main/AndroidManifest.xml:21:7-31
26        <receiver
26-->src/main/AndroidManifest.xml:22:5-31:16
27            android:name="expo.modules.ringtones.AlarmBootReceiver"
27-->src/main/AndroidManifest.xml:23:7-62
28            android:exported="true" >
28-->src/main/AndroidManifest.xml:24:7-30
29            <intent-filter>
29-->src/main/AndroidManifest.xml:25:7-30:23
30                <action android:name="android.intent.action.BOOT_COMPLETED" />
30-->src/main/AndroidManifest.xml:26:9-71
30-->src/main/AndroidManifest.xml:26:17-68
31                <action android:name="android.intent.action.MY_PACKAGE_REPLACED" />
31-->src/main/AndroidManifest.xml:27:9-76
31-->src/main/AndroidManifest.xml:27:17-73
32                <action android:name="android.intent.action.TIME_SET" />
32-->src/main/AndroidManifest.xml:28:9-65
32-->src/main/AndroidManifest.xml:28:17-62
33                <action android:name="android.intent.action.TIMEZONE_CHANGED" />
33-->src/main/AndroidManifest.xml:29:9-73
33-->src/main/AndroidManifest.xml:29:17-70
34            </intent-filter>
35        </receiver>
36    </application>
37
38</manifest>